# JRE version: OpenJDK Runtime Environment JBR-11.0.13.7-1751.19-jcef (11.0.13+7) (build 11.0.13+7-b1751.19)
# Java VM: OpenJDK 64-Bit Server VM JBR-11.0.13.7-1751.19-jcef (11.0.13+7-b1751.19, mixed mode, tiered, compressed oops, g1 gc, windows-amd64)
Heap:
 garbage-first heap   total 418816K, used 395167K [0x00000000d1200000, 0x0000000100000000)
  region size 1024K, 14 young (14336K), 2 survivors (2048K)
 Metaspace       used 342911K, capacity 358831K, committed 359200K, reserved 1361920K
  class space    used 41703K, capacity 47418K, committed 47488K, reserved 1048576K
GC Heap History (20 events):
Event: 33.111 GC heap before
{Heap before GC invocations=320 (full 0):
 garbage-first heap   total 418816K, used 397242K [0x00000000d1200000, 0x0000000100000000)
  region size 1024K, 17 young (17408K), 2 survivors (2048K)
 Metaspace       used 342077K, capacity 358143K, committed 358432K, reserved 1361920K
  class space    used 41643K, capacity 47379K, committed 47488K, reserved 1048576K
}
Event: 33.114 GC heap after
{Heap after GC invocations=321 (full 0):
 garbage-first heap   total 418816K, used 382880K [0x00000000d1200000, 0x0000000100000000)
  region size 1024K, 2 young (2048K), 2 survivors (2048K)
 Metaspace       used 342077K, capacity 358143K, committed 358432K, reserved 1361920K
  class space    used 41643K, capacity 47379K, committed 47488K, reserved 1048576K
}
Event: 33.164 GC heap before
{Heap before GC invocations=321 (full 0):
 garbage-first heap   total 418816K, used 403360K [0x00000000d1200000, 0x0000000100000000)
  region size 1024K, 20 young (20480K), 2 survivors (2048K)
 Metaspace       used 342333K, capacity 358367K, committed 358688K, reserved 1361920K
  class space    used 41664K, capacity 47411K, committed 47488K, reserved 1048576K
}
Event: 33.165 GC heap after
{Heap after GC invocations=322 (full 0):
 garbage-first heap   total 418816K, used 384080K [0x00000000d1200000, 0x0000000100000000)
  region size 1024K, 2 young (2048K), 2 survivors (2048K)
 Metaspace       used 342333K, capacity 358367K, committed 358688K, reserved 1361920K
  class space    used 41664K, capacity 47411K, committed 47488K, reserved 1048576K
}
Event: 33.206 GC heap before
{Heap before GC invocations=322 (full 0):
 garbage-first heap   total 418816K, used 402512K [0x00000000d1200000, 0x0000000100000000)
  region size 1024K, 20 young (20480K), 2 survivors (2048K)
 Metaspace       used 342628K, capacity 358719K, committed 358944K, reserved 1361920K
  class space    used 41698K, capacity 47443K, committed 47488K, reserved 1048576K
}
Event: 33.207 GC heap after
{Heap after GC invocations=323 (full 0):
 garbage-first heap   total 418816K, used 385414K [0x00000000d1200000, 0x0000000100000000)
  region size 1024K, 3 young (3072K), 3 survivors (3072K)
 Metaspace       used 342628K, capacity 358719K, committed 358944K, reserved 1361920K
  class space    used 41698K, capacity 47443K, committed 47488K, reserved 1048576K
}
Event: 33.223 GC heap before
{Heap before GC invocations=323 (full 0):
 garbage-first heap   total 418816K, used 402822K [0x00000000d1200000, 0x0000000100000000)
  region size 1024K, 20 young (20480K), 3 survivors (3072K)
 Metaspace       used 342642K, capacity 358719K, committed 358944K, reserved 1361920K
  class space    used 41698K, capacity 47443K, committed 47488K, reserved 1048576K
}
Event: 33.225 GC heap after
{Heap after GC invocations=324 (full 0):
 garbage-first heap   total 418816K, used 385742K [0x00000000d1200000, 0x0000000100000000)
  region size 1024K, 2 young (2048K), 2 survivors (2048K)
 Metaspace       used 342642K, capacity 358719K, committed 358944K, reserved 1361920K
  class space    used 41698K, capacity 47443K, committed 47488K, reserved 1048576K
}
Event: 33.241 GC heap before
{Heap before GC invocations=324 (full 0):
 garbage-first heap   total 418816K, used 404174K [0x00000000d1200000, 0x0000000100000000)
  region size 1024K, 20 young (20480K), 2 survivors (2048K)
 Metaspace       used 342661K, capacity 358783K, committed 358944K, reserved 1361920K
  class space    used 41698K, capacity 47443K, committed 47488K, reserved 1048576K
}
Event: 33.243 GC heap after
{Heap after GC invocations=325 (full 0):
 garbage-first heap   total 418816K, used 385718K [0x00000000d1200000, 0x0000000100000000)
  region size 1024K, 2 young (2048K), 2 survivors (2048K)
 Metaspace       used 342661K, capacity 358783K, committed 358944K, reserved 1361920K
  class space    used 41698K, capacity 47443K, committed 47488K, reserved 1048576K
}
Event: 33.261 GC heap before
{Heap before GC invocations=325 (full 0):
 garbage-first heap   total 418816K, used 404150K [0x00000000d1200000, 0x0000000100000000)
  region size 1024K, 20 young (20480K), 2 survivors (2048K)
 Metaspace       used 342680K, capacity 358783K, committed 358944K, reserved 1361920K
  class space    used 41698K, capacity 47443K, committed 47488K, reserved 1048576K
}
Event: 33.263 GC heap after
{Heap after GC invocations=326 (full 0):
 garbage-first heap   total 418816K, used 385705K [0x00000000d1200000, 0x0000000100000000)
  region size 1024K, 2 young (2048K), 2 survivors (2048K)
 Metaspace       used 342680K, capacity 358783K, committed 358944K, reserved 1361920K
  class space    used 41698K, capacity 47443K, committed 47488K, reserved 1048576K
}
Event: 33.284 GC heap before
{Heap before GC invocations=326 (full 0):
 garbage-first heap   total 418816K, used 404137K [0x00000000d1200000, 0x0000000100000000)
  region size 1024K, 20 young (20480K), 2 survivors (2048K)
 Metaspace       used 342690K, capacity 358783K, committed 358944K, reserved 1361920K
  class space    used 41698K, capacity 47443K, committed 47488K, reserved 1048576K
}
Event: 33.285 GC heap after
{Heap after GC invocations=327 (full 0):
 garbage-first heap   total 418816K, used 385812K [0x00000000d1200000, 0x0000000100000000)
  region size 1024K, 2 young (2048K), 2 survivors (2048K)
 Metaspace       used 342690K, capacity 358783K, committed 358944K, reserved 1361920K
  class space    used 41698K, capacity 47443K, committed 47488K, reserved 1048576K
}
Event: 33.301 GC heap before
{Heap before GC invocations=327 (full 0):
 garbage-first heap   total 418816K, used 404244K [0x00000000d1200000, 0x0000000100000000)
  region size 1024K, 20 young (20480K), 2 survivors (2048K)
 Metaspace       used 342703K, capacity 358783K, committed 358944K, reserved 1361920K
  class space    used 41698K, capacity 47443K, committed 47488K, reserved 1048576K
}
Event: 33.303 GC heap after
{Heap after GC invocations=328 (full 0):
 garbage-first heap   total 418816K, used 385868K [0x00000000d1200000, 0x0000000100000000)
  region size 1024K, 2 young (2048K), 2 survivors (2048K)
 Metaspace       used 342703K, capacity 358783K, committed 358944K, reserved 1361920K
  class space    used 41698K, capacity 47443K, committed 47488K, reserved 1048576K
}
Event: 33.322 GC heap before
{Heap before GC invocations=328 (full 0):
 garbage-first heap   total 418816K, used 404300K [0x00000000d1200000, 0x0000000100000000)
  region size 1024K, 20 young (20480K), 2 survivors (2048K)
 Metaspace       used 342703K, capacity 358783K, committed 358944K, reserved 1361920K
  class space    used 41698K, capacity 47443K, committed 47488K, reserved 1048576K
}
Event: 33.323 GC heap after
{Heap after GC invocations=329 (full 0):
 garbage-first heap   total 418816K, used 385809K [0x00000000d1200000, 0x0000000100000000)
  region size 1024K, 2 young (2048K), 2 survivors (2048K)
 Metaspace       used 342703K, capacity 358783K, committed 358944K, reserved 1361920K
  class space    used 41698K, capacity 47443K, committed 47488K, reserved 1048576K
}
Event: 33.346 GC heap before
{Heap before GC invocations=329 (full 0):
 garbage-first heap   total 418816K, used 404241K [0x00000000d1200000, 0x0000000100000000)
  region size 1024K, 20 young (20480K), 2 survivors (2048K)
 Metaspace       used 342760K, capacity 358783K, committed 358944K, reserved 1361920K
  class space    used 41703K, capacity 47443K, committed 47488K, reserved 1048576K
}
Event: 33.348 GC heap after
{Heap after GC invocations=330 (full 0):
 garbage-first heap   total 418816K, used 385866K [0x00000000d1200000, 0x0000000100000000)
  region size 1024K, 1 young (1024K), 1 survivors (1024K)
 Metaspace       used 342760K, capacity 358783K, committed 358944K, reserved 1361920K
  class space    used 41703K, capacity 47443K, committed 47488K, reserved 1048576K
}

